<?xml version="1.0" encoding="UTF-8"?>
<testng-results ignored="0" total="3" passed="3" failed="0" skipped="0">
  <reporter-output>
  </reporter-output>
  <suite started-at="2023-09-08T18:47:23 IST" name="Default suite" finished-at="2023-09-08T18:48:07 IST" duration-ms="44098">
    <groups>
    </groups>
    <test started-at="2023-09-08T18:47:23 IST" name="Default test" finished-at="2023-09-08T18:48:07 IST" duration-ms="44098">
      <class name="test.TestCaseClass">
        <test-method is-config="true" signature="beforeTest()[pri:0, instance:test.TestCaseClass@5e2c3d18]" started-at="2023-09-08T18:47:23 IST" name="beforeTest" finished-at="2023-09-08T18:47:49 IST" duration-ms="25711" status="PASS">
          <reporter-output>
          </reporter-output>
        </test-method> <!-- beforeTest -->
        <test-method signature="loginTestCase()[pri:1, instance:test.TestCaseClass@5e2c3d18]" started-at="2023-09-08T18:47:49 IST" name="loginTestCase" finished-at="2023-09-08T18:47:59 IST" duration-ms="10182" status="PASS">
          <reporter-output>
          </reporter-output>
        </test-method> <!-- loginTestCase -->
        <test-method signature="dashboardTestCase()[pri:2, instance:test.TestCaseClass@5e2c3d18]" started-at="2023-09-08T18:47:59 IST" name="dashboardTestCase" finished-at="2023-09-08T18:48:03 IST" duration-ms="3922" status="PASS">
          <reporter-output>
          </reporter-output>
        </test-method> <!-- dashboardTestCase -->
        <test-method signature="adminTestCase()[pri:3, instance:test.TestCaseClass@5e2c3d18]" started-at="2023-09-08T18:48:03 IST" name="adminTestCase" finished-at="2023-09-08T18:48:05 IST" duration-ms="1902" status="PASS">
          <reporter-output>
          </reporter-output>
        </test-method> <!-- adminTestCase -->
        <test-method is-config="true" signature="afterTest()[pri:0, instance:test.TestCaseClass@5e2c3d18]" started-at="2023-09-08T18:48:05 IST" name="afterTest" finished-at="2023-09-08T18:48:07 IST" duration-ms="2192" status="PASS">
          <reporter-output>
          </reporter-output>
        </test-method> <!-- afterTest -->
      </class> <!-- test.TestCaseClass -->
    </test> <!-- Default test -->
  </suite> <!-- Default suite -->
</testng-results>
